<?xml version="1.0" encoding="UTF-8"?>
<!-- Generated by org.testng.reporters.JUnitXMLReporter -->
<testsuite ignored="0" hostname="IB-Pune-LAP-342" failures="1" tests="1" name="Test1" time="13.266" errors="0" timestamp="04 May 2022 06:36:34 GMT">
  <testcase classname="com.nopcommerceV2.testcases.TC_LoginTest" name="LoginTest" time="11.247">
    <failure type="junit.framework.AssertionFailedError">
      <![CDATA[junit.framework.AssertionFailedError
at junit.framework.Assert.fail(Assert.java:47)
at junit.framework.Assert.assertTrue(Assert.java:20)
at junit.framework.Assert.assertTrue(Assert.java:27)
at com.nopcommerceV2.testcases.TC_LoginTest.LoginTest(TC_LoginTest.java:43)
... Removed 25 stack frames]]>
    </failure>
  </testcase> <!-- LoginTest -->
</testsuite> <!-- Test1 -->
